[2021-01-31 01:10:11.347] [exthost] [info] extension host started
[2021-01-31 01:10:11.383] [exthost] [info] ExtensionService#_doActivateExtension vscode.microsoft-authentication {"startup":false,"extensionId":{"value":"vscode.microsoft-authentication","_lower":"vscode.microsoft-authentication"},"activationEvent":"onAuthenticationRequest:microsoft"}
[2021-01-31 01:10:11.383] [exthost] [info] ExtensionService#loadCommonJSModule file:///snap/code/52/usr/share/code/resources/app/extensions/microsoft-authentication/dist/extension.js
[2021-01-31 01:10:11.482] [exthost] [info] ExtensionService#_doActivateExtension vscode.debug-auto-launch {"startup":true,"extensionId":{"value":"vscode.debug-auto-launch","_lower":"vscode.debug-auto-launch"},"activationEvent":"*"}
[2021-01-31 01:10:11.483] [exthost] [info] ExtensionService#loadCommonJSModule file:///snap/code/52/usr/share/code/resources/app/extensions/debug-auto-launch/dist/extension
[2021-01-31 01:10:11.536] [exthost] [info] ExtensionService#_doActivateExtension vscode.emmet {"startup":true,"extensionId":{"value":"vscode.emmet","_lower":"vscode.emmet"},"activationEvent":"*"}
[2021-01-31 01:10:11.536] [exthost] [info] ExtensionService#loadCommonJSModule file:///snap/code/52/usr/share/code/resources/app/extensions/emmet/dist/node/emmetNodeMain
[2021-01-31 01:10:11.600] [exthost] [info] ExtensionService#_doActivateExtension vscode.git {"startup":true,"extensionId":{"value":"vscode.github","_lower":"vscode.github"},"activationEvent":"*"}
[2021-01-31 01:10:11.600] [exthost] [info] ExtensionService#loadCommonJSModule file:///snap/code/52/usr/share/code/resources/app/extensions/git/dist/main
[2021-01-31 01:10:11.677] [exthost] [info] ExtensionService#_doActivateExtension vscode.merge-conflict {"startup":true,"extensionId":{"value":"vscode.merge-conflict","_lower":"vscode.merge-conflict"},"activationEvent":"*"}
[2021-01-31 01:10:11.677] [exthost] [info] ExtensionService#loadCommonJSModule file:///snap/code/52/usr/share/code/resources/app/extensions/merge-conflict/dist/mergeConflictMain
[2021-01-31 01:10:11.692] [exthost] [info] ExtensionService#_doActivateExtension vscode.search-result {"startup":true,"extensionId":{"value":"vscode.search-result","_lower":"vscode.search-result"},"activationEvent":"*"}
[2021-01-31 01:10:11.692] [exthost] [info] ExtensionService#loadCommonJSModule file:///snap/code/52/usr/share/code/resources/app/extensions/search-result/dist/extension.js
[2021-01-31 01:10:11.952] [exthost] [info] ExtensionService#_doActivateExtension vscode.github {"startup":true,"extensionId":{"value":"vscode.github","_lower":"vscode.github"},"activationEvent":"*"}
[2021-01-31 01:10:11.952] [exthost] [info] ExtensionService#loadCommonJSModule file:///snap/code/52/usr/share/code/resources/app/extensions/github/dist/extension.js
[2021-01-31 01:10:11.959] [exthost] [info] ExtensionService#_doActivateExtension ms-vscode.js-debug {"startup":false,"extensionId":{"value":"ms-vscode.js-debug","_lower":"ms-vscode.js-debug"},"activationEvent":"onCommand:extension.js-debug.clearAutoAttachVariables"}
[2021-01-31 01:10:11.959] [exthost] [info] ExtensionService#loadCommonJSModule file:///snap/code/52/usr/share/code/resources/app/extensions/ms-vscode.js-debug/src/extension.js
[2021-01-31 01:10:12.254] [exthost] [info] eager extensions activated
[2021-01-31 01:10:12.267] [exthost] [info] ExtensionService#_doActivateExtension vscode.github-authentication {"startup":false,"extensionId":{"value":"vscode.github-authentication","_lower":"vscode.github-authentication"},"activationEvent":"onAuthenticationRequest:github"}
[2021-01-31 01:10:12.268] [exthost] [info] ExtensionService#loadCommonJSModule file:///snap/code/52/usr/share/code/resources/app/extensions/github-authentication/dist/extension.js
[2021-01-31 01:11:07.102] [exthost] [info] extension host started
[2021-01-31 01:11:07.121] [exthost] [info] ExtensionService#_doActivateExtension vscode.microsoft-authentication {"startup":false,"extensionId":{"value":"vscode.microsoft-authentication","_lower":"vscode.microsoft-authentication"},"activationEvent":"onAuthenticationRequest:microsoft"}
[2021-01-31 01:11:07.121] [exthost] [info] ExtensionService#loadCommonJSModule file:///snap/code/52/usr/share/code/resources/app/extensions/microsoft-authentication/dist/extension.js
[2021-01-31 01:11:07.128] [exthost] [info] ExtensionService#_doActivateExtension vscode.debug-auto-launch {"startup":true,"extensionId":{"value":"vscode.debug-auto-launch","_lower":"vscode.debug-auto-launch"},"activationEvent":"*"}
[2021-01-31 01:11:07.128] [exthost] [info] ExtensionService#loadCommonJSModule file:///snap/code/52/usr/share/code/resources/app/extensions/debug-auto-launch/dist/extension
[2021-01-31 01:11:07.130] [exthost] [info] ExtensionService#_doActivateExtension vscode.emmet {"startup":true,"extensionId":{"value":"vscode.emmet","_lower":"vscode.emmet"},"activationEvent":"*"}
[2021-01-31 01:11:07.130] [exthost] [info] ExtensionService#loadCommonJSModule file:///snap/code/52/usr/share/code/resources/app/extensions/emmet/dist/node/emmetNodeMain
[2021-01-31 01:11:07.139] [exthost] [info] ExtensionService#_doActivateExtension vscode.git {"startup":true,"extensionId":{"value":"vscode.github","_lower":"vscode.github"},"activationEvent":"*"}
[2021-01-31 01:11:07.139] [exthost] [info] ExtensionService#loadCommonJSModule file:///snap/code/52/usr/share/code/resources/app/extensions/git/dist/main
[2021-01-31 01:11:07.150] [exthost] [info] ExtensionService#_doActivateExtension vscode.merge-conflict {"startup":true,"extensionId":{"value":"vscode.merge-conflict","_lower":"vscode.merge-conflict"},"activationEvent":"*"}
[2021-01-31 01:11:07.150] [exthost] [info] ExtensionService#loadCommonJSModule file:///snap/code/52/usr/share/code/resources/app/extensions/merge-conflict/dist/mergeConflictMain
[2021-01-31 01:11:07.151] [exthost] [info] ExtensionService#_doActivateExtension vscode.search-result {"startup":true,"extensionId":{"value":"vscode.search-result","_lower":"vscode.search-result"},"activationEvent":"*"}
[2021-01-31 01:11:07.151] [exthost] [info] ExtensionService#loadCommonJSModule file:///snap/code/52/usr/share/code/resources/app/extensions/search-result/dist/extension.js
[2021-01-31 01:11:07.155] [exthost] [info] ExtensionService#_doActivateExtension vscode.npm {"startup":true,"extensionId":{"value":"vscode.npm","_lower":"vscode.npm"},"activationEvent":"workspaceContains:package.json"}
[2021-01-31 01:11:07.155] [exthost] [info] ExtensionService#loadCommonJSModule file:///snap/code/52/usr/share/code/resources/app/extensions/npm/dist/npmMain
[2021-01-31 01:11:07.258] [exthost] [info] ExtensionService#_doActivateExtension vscode.github {"startup":true,"extensionId":{"value":"vscode.github","_lower":"vscode.github"},"activationEvent":"*"}
[2021-01-31 01:11:07.258] [exthost] [info] ExtensionService#loadCommonJSModule file:///snap/code/52/usr/share/code/resources/app/extensions/github/dist/extension.js
[2021-01-31 01:11:07.285] [exthost] [info] ExtensionService#_doActivateExtension ms-vscode.js-debug {"startup":false,"extensionId":{"value":"ms-vscode.js-debug","_lower":"ms-vscode.js-debug"},"activationEvent":"onCommand:extension.js-debug.clearAutoAttachVariables"}
[2021-01-31 01:11:07.285] [exthost] [info] ExtensionService#loadCommonJSModule file:///snap/code/52/usr/share/code/resources/app/extensions/ms-vscode.js-debug/src/extension.js
[2021-01-31 01:11:07.337] [exthost] [info] eager extensions activated
[2021-01-31 01:11:07.396] [exthost] [info] ExtensionService#_doActivateExtension vscode.github-authentication {"startup":false,"extensionId":{"value":"vscode.github-authentication","_lower":"vscode.github-authentication"},"activationEvent":"onAuthenticationRequest:github"}
[2021-01-31 01:11:07.396] [exthost] [info] ExtensionService#loadCommonJSModule file:///snap/code/52/usr/share/code/resources/app/extensions/github-authentication/dist/extension.js
[2021-01-31 01:32:42.844] [exthost] [info] ExtensionService#_doActivateExtension vscode.extension-editing {"startup":false,"extensionId":{"value":"vscode.extension-editing","_lower":"vscode.extension-editing"},"activationEvent":"onLanguage:typescript"}
[2021-01-31 01:32:42.844] [exthost] [info] ExtensionService#loadCommonJSModule file:///snap/code/52/usr/share/code/resources/app/extensions/extension-editing/dist/extensionEditingMain
[2021-01-31 01:32:42.865] [exthost] [info] ExtensionService#_doActivateExtension vscode.typescript-language-features {"startup":false,"extensionId":{"value":"vscode.typescript-language-features","_lower":"vscode.typescript-language-features"},"activationEvent":"onLanguage:typescript"}
[2021-01-31 01:32:42.865] [exthost] [info] ExtensionService#loadCommonJSModule file:///snap/code/52/usr/share/code/resources/app/extensions/typescript-language-features/dist/extension
[2021-01-31 01:32:46.797] [exthost] [info] ExtensionService#_doActivateExtension vscode.configuration-editing {"startup":false,"extensionId":{"value":"vscode.configuration-editing","_lower":"vscode.configuration-editing"},"activationEvent":"onLanguage:jsonc"}
[2021-01-31 01:32:46.797] [exthost] [info] ExtensionService#loadCommonJSModule file:///snap/code/52/usr/share/code/resources/app/extensions/configuration-editing/dist/configurationEditingMain
[2021-01-31 01:32:46.824] [exthost] [info] ExtensionService#_doActivateExtension vscode.json-language-features {"startup":false,"extensionId":{"value":"vscode.json-language-features","_lower":"vscode.json-language-features"},"activationEvent":"onLanguage:jsonc"}
[2021-01-31 01:32:46.824] [exthost] [info] ExtensionService#loadCommonJSModule file:///snap/code/52/usr/share/code/resources/app/extensions/json-language-features/client/dist/node/jsonClientMain
[2021-01-31 01:37:23.738] [exthost] [warning] [Decorations] CAPPING events from decorations provider vscode.git 253
[2021-01-31 01:37:28.790] [exthost] [warning] [Decorations] CAPPING events from decorations provider vscode.git 253
[2021-01-31 01:44:22.965] [exthost] [warning] [Decorations] CAPPING events from decorations provider vscode.git 253
[2021-01-31 01:46:36.560] [exthost] [warning] [Decorations] CAPPING events from decorations provider vscode.git 253
[2021-01-31 01:47:23.791] [exthost] [warning] [Decorations] CAPPING events from decorations provider vscode.git 253
[2021-01-31 01:49:32.645] [exthost] [warning] [Decorations] CAPPING events from decorations provider vscode.git 253
[2021-01-31 01:51:19.931] [exthost] [warning] [Decorations] CAPPING events from decorations provider vscode.git 253
[2021-01-31 01:52:39.750] [exthost] [warning] [Decorations] CAPPING events from decorations provider vscode.git 253
[2021-01-31 01:52:46.665] [exthost] [warning] [Decorations] CAPPING events from decorations provider vscode.git 253
[2021-01-31 01:53:35.058] [exthost] [warning] [Decorations] CAPPING events from decorations provider vscode.git 253
[2021-01-31 01:54:33.853] [exthost] [warning] [Decorations] CAPPING events from decorations provider vscode.git 253
[2021-01-31 01:55:57.848] [exthost] [warning] [Decorations] CAPPING events from decorations provider vscode.git 253
[2021-01-31 01:57:39.745] [exthost] [warning] [Decorations] CAPPING events from decorations provider vscode.git 253
[2021-01-31 01:57:56.871] [exthost] [warning] [Decorations] CAPPING events from decorations provider vscode.git 253
[2021-01-31 01:59:58.745] [exthost] [warning] [Decorations] CAPPING events from decorations provider vscode.git 253
[2021-01-31 02:01:53.414] [exthost] [warning] [Decorations] CAPPING events from decorations provider vscode.git 254
[2021-01-31 02:03:02.314] [exthost] [warning] [Decorations] CAPPING events from decorations provider vscode.git 254
[2021-01-31 02:04:02.779] [exthost] [warning] [Decorations] CAPPING events from decorations provider vscode.git 254
[2021-01-31 02:05:28.999] [exthost] [warning] [Decorations] CAPPING events from decorations provider vscode.git 254
[2021-01-31 02:06:31.053] [exthost] [warning] [Decorations] CAPPING events from decorations provider vscode.git 254
[2021-01-31 02:09:18.060] [exthost] [warning] [Decorations] CAPPING events from decorations provider vscode.git 255
[2021-01-31 02:11:14.727] [exthost] [warning] [Decorations] CAPPING events from decorations provider vscode.git 255
[2021-01-31 02:15:40.902] [exthost] [warning] [Decorations] CAPPING events from decorations provider vscode.git 255
[2021-01-31 02:16:26.719] [exthost] [warning] [Decorations] CAPPING events from decorations provider vscode.git 255
[2021-01-31 02:16:31.773] [exthost] [warning] [Decorations] CAPPING events from decorations provider vscode.git 255
[2021-01-31 02:20:15.387] [exthost] [warning] [Decorations] CAPPING events from decorations provider vscode.git 255
[2021-01-31 02:20:20.441] [exthost] [warning] [Decorations] CAPPING events from decorations provider vscode.git 255
[2021-01-31 02:20:25.495] [exthost] [warning] [Decorations] CAPPING events from decorations provider vscode.git 255
[2021-01-31 02:21:07.823] [exthost] [warning] [Decorations] CAPPING events from decorations provider vscode.git 255
[2021-01-31 02:21:15.901] [exthost] [warning] [Decorations] CAPPING events from decorations provider vscode.git 255
[2021-01-31 02:22:54.622] [exthost] [warning] [Decorations] CAPPING events from decorations provider vscode.git 255
[2021-01-31 02:23:23.169] [exthost] [warning] [Decorations] CAPPING events from decorations provider vscode.git 255
[2021-01-31 02:27:29.690] [exthost] [warning] [Decorations] CAPPING events from decorations provider vscode.git 256
[2021-01-31 02:27:37.299] [exthost] [warning] [Decorations] CAPPING events from decorations provider vscode.git 256
[2021-01-31 02:31:12.117] [exthost] [warning] [Decorations] CAPPING events from decorations provider vscode.git 264
[2021-01-31 02:31:41.452] [exthost] [warning] [Decorations] CAPPING events from decorations provider vscode.git 264
[2021-01-31 02:32:31.102] [exthost] [warning] [Decorations] CAPPING events from decorations provider vscode.git 264
[2021-01-31 02:32:51.387] [exthost] [warning] [Decorations] CAPPING events from decorations provider vscode.git 264
[2021-01-31 02:33:18.864] [exthost] [warning] [Decorations] CAPPING events from decorations provider vscode.git 264
[2021-01-31 02:36:08.498] [exthost] [warning] [Decorations] CAPPING events from decorations provider vscode.git 264
[2021-01-31 02:36:39.267] [exthost] [warning] [Decorations] CAPPING events from decorations provider vscode.git 264
[2021-01-31 02:37:19.639] [exthost] [warning] [Decorations] CAPPING events from decorations provider vscode.git 264
[2021-01-31 02:38:45.286] [exthost] [warning] [Decorations] CAPPING events from decorations provider vscode.git 264
[2021-01-31 02:40:21.458] [exthost] [warning] [Decorations] CAPPING events from decorations provider vscode.git 264
[2021-01-31 02:40:36.803] [exthost] [warning] [Decorations] CAPPING events from decorations provider vscode.git 264
[2021-01-31 02:40:41.854] [exthost] [warning] [Decorations] CAPPING events from decorations provider vscode.git 264
[2021-01-31 02:40:47.660] [exthost] [warning] [Decorations] CAPPING events from decorations provider vscode.git 264
[2021-01-31 02:40:52.726] [exthost] [warning] [Decorations] CAPPING events from decorations provider vscode.git 264
[2021-01-31 02:41:04.418] [exthost] [warning] [Decorations] CAPPING events from decorations provider vscode.git 264
[2021-01-31 02:41:16.945] [exthost] [warning] [Decorations] CAPPING events from decorations provider vscode.git 264
[2021-01-31 02:41:23.951] [exthost] [warning] [Decorations] CAPPING events from decorations provider vscode.git 264
[2021-01-31 02:41:41.376] [exthost] [warning] [Decorations] CAPPING events from decorations provider vscode.git 264
[2021-01-31 02:44:29.947] [exthost] [warning] [Decorations] CAPPING events from decorations provider vscode.git 264
[2021-01-31 02:45:38.538] [exthost] [warning] [Decorations] CAPPING events from decorations provider vscode.git 264
[2021-01-31 02:45:56.627] [exthost] [warning] [Decorations] CAPPING events from decorations provider vscode.git 264
[2021-01-31 02:48:17.440] [exthost] [warning] [Decorations] CAPPING events from decorations provider vscode.git 264
[2021-01-31 02:48:28.836] [exthost] [warning] [Decorations] CAPPING events from decorations provider vscode.git 264
[2021-01-31 02:48:43.812] [exthost] [warning] [Decorations] CAPPING events from decorations provider vscode.git 264
[2021-01-31 02:49:21.259] [exthost] [warning] [Decorations] CAPPING events from decorations provider vscode.git 264
[2021-01-31 02:50:45.638] [exthost] [warning] [Decorations] CAPPING events from decorations provider vscode.git 264
[2021-01-31 02:50:50.690] [exthost] [warning] [Decorations] CAPPING events from decorations provider vscode.git 264
[2021-01-31 02:51:46.556] [exthost] [warning] [Decorations] CAPPING events from decorations provider vscode.git 264
[2021-01-31 03:00:15.335] [exthost] [warning] [Decorations] CAPPING events from decorations provider vscode.git 265
[2021-01-31 03:02:38.031] [exthost] [warning] [Decorations] CAPPING events from decorations provider vscode.git 265
[2021-01-31 03:03:27.554] [exthost] [warning] [Decorations] CAPPING events from decorations provider vscode.git 265
[2021-01-31 03:03:44.332] [exthost] [warning] [Decorations] CAPPING events from decorations provider vscode.git 265
[2021-01-31 03:04:34.618] [exthost] [warning] [Decorations] CAPPING events from decorations provider vscode.git 266
[2021-01-31 03:04:48.489] [exthost] [warning] [Decorations] CAPPING events from decorations provider vscode.git 266
[2021-01-31 03:04:54.589] [exthost] [warning] [Decorations] CAPPING events from decorations provider vscode.git 266
[2021-01-31 03:05:09.732] [exthost] [warning] [Decorations] CAPPING events from decorations provider vscode.git 266
[2021-01-31 03:05:43.512] [exthost] [warning] [Decorations] CAPPING events from decorations provider vscode.git 266
[2021-01-31 03:06:10.346] [exthost] [warning] [Decorations] CAPPING events from decorations provider vscode.git 266
[2021-01-31 03:06:49.462] [exthost] [warning] [Decorations] CAPPING events from decorations provider vscode.git 266
[2021-01-31 03:10:47.512] [exthost] [warning] [Decorations] CAPPING events from decorations provider vscode.git 266
[2021-01-31 03:11:28.021] [exthost] [warning] [Decorations] CAPPING events from decorations provider vscode.git 266
[2021-01-31 03:11:38.054] [exthost] [warning] [Decorations] CAPPING events from decorations provider vscode.git 266
[2021-01-31 03:11:43.682] [exthost] [warning] [Decorations] CAPPING events from decorations provider vscode.git 266
[2021-01-31 03:11:49.103] [exthost] [warning] [Decorations] CAPPING events from decorations provider vscode.git 266
[2021-01-31 03:12:19.342] [exthost] [warning] [Decorations] CAPPING events from decorations provider vscode.git 266
[2021-01-31 03:13:22.917] [exthost] [warning] [Decorations] CAPPING events from decorations provider vscode.git 266
[2021-01-31 03:13:29.285] [exthost] [warning] [Decorations] CAPPING events from decorations provider vscode.git 266
[2021-01-31 03:14:05.635] [exthost] [warning] [Decorations] CAPPING events from decorations provider vscode.git 266
[2021-01-31 03:14:58.055] [exthost] [warning] [Decorations] CAPPING events from decorations provider vscode.git 266
[2021-01-31 03:17:07.436] [exthost] [warning] [Decorations] CAPPING events from decorations provider vscode.git 266
[2021-01-31 03:17:12.497] [exthost] [warning] [Decorations] CAPPING events from decorations provider vscode.git 266
[2021-01-31 03:19:40.215] [exthost] [warning] [Decorations] CAPPING events from decorations provider vscode.git 266
[2021-01-31 03:19:48.106] [exthost] [warning] [Decorations] CAPPING events from decorations provider vscode.git 266
[2021-01-31 03:20:15.978] [exthost] [warning] [Decorations] CAPPING events from decorations provider vscode.git 266
[2021-01-31 03:20:49.787] [exthost] [warning] [Decorations] CAPPING events from decorations provider vscode.git 266
[2021-01-31 03:25:50.019] [exthost] [warning] [Decorations] CAPPING events from decorations provider vscode.git 266
[2021-01-31 03:32:34.446] [exthost] [warning] [Decorations] CAPPING events from decorations provider vscode.git 266
[2021-01-31 03:33:21.691] [exthost] [warning] [Decorations] CAPPING events from decorations provider vscode.git 266
[2021-01-31 03:33:27.279] [exthost] [warning] [Decorations] CAPPING events from decorations provider vscode.git 266
[2021-01-31 03:33:48.963] [exthost] [warning] [Decorations] CAPPING events from decorations provider vscode.git 266
[2021-01-31 03:33:57.847] [exthost] [warning] [Decorations] CAPPING events from decorations provider vscode.git 266
[2021-01-31 03:34:02.962] [exthost] [warning] [Decorations] CAPPING events from decorations provider vscode.git 266
[2021-01-31 03:35:05.104] [exthost] [warning] [Decorations] CAPPING events from decorations provider vscode.git 266
[2021-01-31 03:35:55.100] [exthost] [warning] [Decorations] CAPPING events from decorations provider vscode.git 266
[2021-01-31 03:37:19.641] [exthost] [warning] [Decorations] CAPPING events from decorations provider vscode.git 266
[2021-01-31 03:37:24.719] [exthost] [warning] [Decorations] CAPPING events from decorations provider vscode.git 266
[2021-01-31 03:37:50.892] [exthost] [warning] [Decorations] CAPPING events from decorations provider vscode.git 266
[2021-01-31 03:37:56.840] [exthost] [warning] [Decorations] CAPPING events from decorations provider vscode.git 266
[2021-01-31 03:39:10.342] [exthost] [warning] [Decorations] CAPPING events from decorations provider vscode.git 266
[2021-01-31 03:41:32.667] [exthost] [warning] [Decorations] CAPPING events from decorations provider vscode.git 266
[2021-01-31 03:41:50.933] [exthost] [warning] [Decorations] CAPPING events from decorations provider vscode.git 266
[2021-01-31 03:41:55.994] [exthost] [warning] [Decorations] CAPPING events from decorations provider vscode.git 266
[2021-01-31 03:42:28.171] [exthost] [warning] [Decorations] CAPPING events from decorations provider vscode.git 266
[2021-01-31 03:42:33.873] [exthost] [warning] [Decorations] CAPPING events from decorations provider vscode.git 266
[2021-01-31 03:43:20.703] [exthost] [warning] [Decorations] CAPPING events from decorations provider vscode.git 266
[2021-01-31 03:43:26.312] [exthost] [warning] [Decorations] CAPPING events from decorations provider vscode.git 266
[2021-01-31 03:45:28.203] [exthost] [warning] [Decorations] CAPPING events from decorations provider vscode.git 266
[2021-01-31 03:51:00.415] [exthost] [warning] [Decorations] CAPPING events from decorations provider vscode.git 266
[2021-01-31 03:51:05.481] [exthost] [warning] [Decorations] CAPPING events from decorations provider vscode.git 266
[2021-01-31 03:51:50.107] [exthost] [warning] [Decorations] CAPPING events from decorations provider vscode.git 266
[2021-01-31 03:52:21.175] [exthost] [warning] [Decorations] CAPPING events from decorations provider vscode.git 266
[2021-01-31 03:54:37.443] [exthost] [warning] [Decorations] CAPPING events from decorations provider vscode.git 266
[2021-01-31 03:54:49.671] [exthost] [warning] [Decorations] CAPPING events from decorations provider vscode.git 266
[2021-01-31 03:55:25.749] [exthost] [warning] [Decorations] CAPPING events from decorations provider vscode.git 266
[2021-01-31 03:55:30.918] [exthost] [warning] [Decorations] CAPPING events from decorations provider vscode.git 266
[2021-01-31 03:56:47.579] [exthost] [warning] [Decorations] CAPPING events from decorations provider vscode.git 266
[2021-01-31 03:56:52.649] [exthost] [warning] [Decorations] CAPPING events from decorations provider vscode.git 266
[2021-01-31 03:56:57.733] [exthost] [warning] [Decorations] CAPPING events from decorations provider vscode.git 266
[2021-01-31 03:57:02.794] [exthost] [warning] [Decorations] CAPPING events from decorations provider vscode.git 266
[2021-01-31 03:57:49.750] [exthost] [warning] [Decorations] CAPPING events from decorations provider vscode.git 266
[2021-01-31 03:57:55.378] [exthost] [warning] [Decorations] CAPPING events from decorations provider vscode.git 266
[2021-01-31 03:58:40.259] [exthost] [warning] [Decorations] CAPPING events from decorations provider vscode.git 266
[2021-01-31 03:58:45.375] [exthost] [warning] [Decorations] CAPPING events from decorations provider vscode.git 266
[2021-01-31 03:59:11.462] [exthost] [warning] [Decorations] CAPPING events from decorations provider vscode.git 266
[2021-01-31 03:59:27.738] [exthost] [warning] [Decorations] CAPPING events from decorations provider vscode.git 266
[2021-01-31 03:59:35.239] [exthost] [warning] [Decorations] CAPPING events from decorations provider vscode.git 266
[2021-01-31 03:59:40.595] [exthost] [warning] [Decorations] CAPPING events from decorations provider vscode.git 266
[2021-01-31 04:00:21.310] [exthost] [warning] [Decorations] CAPPING events from decorations provider vscode.git 266
[2021-01-31 04:00:58.894] [exthost] [warning] [Decorations] CAPPING events from decorations provider vscode.git 266
[2021-01-31 04:07:58.300] [exthost] [warning] [Decorations] CAPPING events from decorations provider vscode.git 266
[2021-01-31 04:08:03.347] [exthost] [warning] [Decorations] CAPPING events from decorations provider vscode.git 266
